<?xml version="1.0" encoding="utf-8"?><testsuites name="pytest tests"><testsuite name="pytest" errors="0" failures="0" skipped="0" tests="17" time="23.790" timestamp="2026-05-26T09:40:03.429832+00:00" hostname="agent-env-7fa4564c-aff4-4bcf-a73f-1099be48facd"><testcase classname="backend.tests.test_bankr_api.TestRootAndStats" name="test_root" time="0.247" /><testcase classname="backend.tests.test_bankr_api.TestRootAndStats" name="test_stats_shape" time="0.052" /><testcase classname="backend.tests.test_bankr_api.TestFeed" name="test_feed_default" time="0.050" /><testcase classname="backend.tests.test_bankr_api.TestFeed" name="test_feed_filter_by_handle" time="0.045" /><testcase classname="backend.tests.test_bankr_api.TestFeed" name="test_feed_filter_by_token" time="0.045" /><testcase classname="backend.tests.test_bankr_api.TestFeed" name="test_feed_pagination" time="0.047" /><testcase classname="backend.tests.test_bankr_api.TestLeaderboard" name="test_leaderboard_sorted" time="0.051" /><testcase classname="backend.tests.test_bankr_api.TestTokens" name="test_list_tokens" time="0.048" /><testcase classname="backend.tests.test_bankr_api.TestTokens" name="test_token_detail" time="0.275" /><testcase classname="backend.tests.test_bankr_api.TestTokens" name="test_token_detail_404" time="0.046" /><testcase classname="backend.tests.test_bankr_api.TestTokens" name="test_track_token_invalid" time="0.044" /><testcase classname="backend.tests.test_bankr_api.TestTokens" name="test_track_token_valid_then_exists" time="0.264" /><testcase classname="backend.tests.test_bankr_api.TestSearch" name="test_search_handle" time="0.047" /><testcase classname="backend.tests.test_bankr_api.TestSearch" name="test_search_token" time="0.048" /><testcase classname="backend.tests.test_bankr_api.TestHandle" name="test_handle_profile" time="0.115" /><testcase classname="backend.tests.test_bankr_api.TestHandle" name="test_handle_404" time="0.047" /><testcase classname="backend.tests.test_bankr_api.TestPoller" name="test_poller_increments" time="22.106" /></testsuite></testsuites>